<?xml version="1.0" encoding="UTF-8"?>
<!-- Generated by org.testng.reporters.JUnitReportReporter -->
<testsuite hostname="MWDH-Work2" failures="0" tests="1" name="ass3W11D3.SendKeysusingAndroidTesting.TestAss3W11D3" time="5.815" errors="0" timestamp="2022-08-22T18:47:07 AST" skipped="0">
  <testcase classname="ass3W11D3.SendKeysusingAndroidTesting.TestAss3W11D3" name="sendKeyTest" time="5.815"/>
  <system-out/>
</testsuite> <!-- ass3W11D3.SendKeysusingAndroidTesting.TestAss3W11D3 -->
